<?xml version="1.0" encoding="UTF-8"?>
<!-- Generated by org.testng.reporters.JUnitXMLReporter -->
<testsuite ignored="0" hostname="EC2AMAZ-S11DBRH" failures="0" tests="3" name="Default test" time="17.947" errors="0" timestamp="2023-08-17T06:56:44 GMT">
  <testcase classname="testScripts.GooglePageTest" name="searchAppiumTest" time="3.778"/>
  <testcase classname="testScripts.GooglePageTest" name="searchSeleniumTest" time="4.095"/>
  <testcase classname="testScripts.GooglePageTest" name="searchJavaTest" time="3.826"/>
</testsuite> <!-- Default test -->
