<?xml version="1.0" encoding="UTF-8"?>
<!-- Generated by org.testng.reporters.JUnitXMLReporter -->
<testsuite ignored="1" hostname="EC2AMAZ-S11DBRH" failures="0" tests="1" name="Test(failed)(failed)" time="6.542" errors="0" timestamp="2023-08-17T06:37:33 GMT">
  <testcase classname="testScripts.GooglePageTest" name="searchJavaTest" time="3.615"/>
  <testcase classname="testScripts.GooglePageTest" name="searchSeleniumTest" time="0.0">
    <ignored/>
  </testcase> <!-- searchSeleniumTest -->
</testsuite> <!-- Test(failed)(failed) -->
