<?xml version="1.0" encoding="UTF-8"?>
<!-- Generated by org.testng.reporters.JUnitXMLReporter -->
<testsuite ignored="0" hostname="EC2AMAZ-S11DBRH" failures="1" tests="2" name="Test" time="12.596" errors="0" timestamp="2023-08-17T06:18:58 GMT">
  <testcase classname="testScripts.GooglePageTest" name="searchJavaTest" time="3.813">
    <failure type="java.lang.AssertionError" message="expected [Java Tutorial - Google Search] but found [Tutorial - Google Search]">
      <![CDATA[java.lang.AssertionError: expected [Java Tutorial - Google Search] but found [Tutorial - Google Search]
at testScripts.GooglePageTest.searchJavaTest(GooglePageTest.java:33)
at java.base/java.util.ArrayList.forEach(ArrayList.java:1511)
... Removed 33 stack frames]]>
    </failure>
  </testcase> <!-- searchJavaTest -->
  <testcase classname="testScripts.GooglePageTest" name="searchSeleniumTest" time="4.402"/>
</testsuite> <!-- Test -->
