<?xml version="1.0" encoding="UTF-8"?>
<testng-results ignored="0" total="3" passed="3" failed="0" skipped="0">
  <reporter-output>
  </reporter-output>
  <suite started-at="2023-08-17T06:56:26 GMT" name="Default suite" finished-at="2023-08-17T06:56:44 GMT" duration-ms="17947">
    <groups>
    </groups>
    <test started-at="2023-08-17T06:56:26 GMT" name="Default test" finished-at="2023-08-17T06:56:44 GMT" duration-ms="17947">
      <class name="testScripts.GooglePageTest">
        <test-method is-config="true" signature="Initialsetup()[pri:0, instance:testScripts.GooglePageTest@3a44431a]" started-at="2023-08-17T06:56:26 GMT" name="Initialsetup" finished-at="2023-08-17T06:56:29 GMT" duration-ms="3196" status="PASS">
          <reporter-output>
          </reporter-output>
        </test-method> <!-- Initialsetup -->
        <test-method signature="searchAppiumTest()[pri:1, instance:testScripts.GooglePageTest@3a44431a]" started-at="2023-08-17T06:56:29 GMT" name="searchAppiumTest" finished-at="2023-08-17T06:56:33 GMT" duration-ms="3778" status="PASS">
          <reporter-output>
          </reporter-output>
        </test-method> <!-- searchAppiumTest -->
        <test-method is-config="true" signature="closedown()[pri:0, instance:testScripts.GooglePageTest@3a44431a]" started-at="2023-08-17T06:56:33 GMT" name="closedown" finished-at="2023-08-17T06:56:33 GMT" duration-ms="154" status="PASS">
          <reporter-output>
          </reporter-output>
        </test-method> <!-- closedown -->
        <test-method is-config="true" signature="Initialsetup()[pri:0, instance:testScripts.GooglePageTest@3a44431a]" started-at="2023-08-17T06:56:33 GMT" name="Initialsetup" finished-at="2023-08-17T06:56:35 GMT" duration-ms="1256" status="PASS">
          <reporter-output>
          </reporter-output>
        </test-method> <!-- Initialsetup -->
        <test-method signature="searchSeleniumTest()[pri:2, instance:testScripts.GooglePageTest@3a44431a]" started-at="2023-08-17T06:56:35 GMT" name="searchSeleniumTest" finished-at="2023-08-17T06:56:39 GMT" duration-ms="4095" status="PASS">
          <reporter-output>
          </reporter-output>
        </test-method> <!-- searchSeleniumTest -->
        <test-method is-config="true" signature="closedown()[pri:0, instance:testScripts.GooglePageTest@3a44431a]" started-at="2023-08-17T06:56:39 GMT" name="closedown" finished-at="2023-08-17T06:56:39 GMT" duration-ms="140" status="PASS">
          <reporter-output>
          </reporter-output>
        </test-method> <!-- closedown -->
        <test-method is-config="true" signature="Initialsetup()[pri:0, instance:testScripts.GooglePageTest@3a44431a]" started-at="2023-08-17T06:56:39 GMT" name="Initialsetup" finished-at="2023-08-17T06:56:40 GMT" duration-ms="1287" status="PASS">
          <reporter-output>
          </reporter-output>
        </test-method> <!-- Initialsetup -->
        <test-method signature="searchJavaTest()[pri:3, instance:testScripts.GooglePageTest@3a44431a]" started-at="2023-08-17T06:56:40 GMT" name="searchJavaTest" finished-at="2023-08-17T06:56:44 GMT" duration-ms="3826" status="PASS">
          <reporter-output>
          </reporter-output>
        </test-method> <!-- searchJavaTest -->
        <test-method is-config="true" signature="closedown()[pri:0, instance:testScripts.GooglePageTest@3a44431a]" started-at="2023-08-17T06:56:44 GMT" name="closedown" finished-at="2023-08-17T06:56:44 GMT" duration-ms="145" status="PASS">
          <reporter-output>
          </reporter-output>
        </test-method> <!-- closedown -->
      </class> <!-- testScripts.GooglePageTest -->
    </test> <!-- Default test -->
  </suite> <!-- Default suite -->
</testng-results>
